<?xml version="1.0" encoding="UTF-8"?>
<!-- Generated by org.testng.reporters.JUnitReportReporter -->
<testsuite hostname="Gouthams-MacBook-Pro.local" failures="0" tests="2" name="com.learnautomation.testcases.LoginTest" time="87.945" errors="0" timestamp="2025-07-14T16:25:10 MDT" skipped="0">
  <testcase classname="com.learnautomation.testcases.LoginTest" name="loginApp" time="1.052"/>
  <testcase classname="com.learnautomation.testcases.LoginTest" name="validateTabs" time="86.893"/>
</testsuite> <!-- com.learnautomation.testcases.LoginTest -->
